c:\hlocal\2curso\tpv\practicas\practica3\practica3entrega\holasdl\debug\vc142.pdb
c:\hlocal\2curso\tpv\practicas\practica3\practica3entrega\holasdl\debug\vc142.idb
c:\hlocal\2curso\tpv\practicas\practica3\practica3entrega\holasdl\debug\reward.obj
c:\hlocal\2curso\tpv\practicas\practica3\practica3entrega\holasdl\debug\playgamestate.obj
c:\hlocal\2curso\tpv\practicas\practica3\practica3entrega\holasdl\debug\pausemenustate.obj
c:\hlocal\2curso\tpv\practicas\practica3\practica3entrega\holasdl\debug\paddle.obj
c:\hlocal\2curso\tpv\practicas\practica3\practica3entrega\holasdl\debug\movingobject.obj
c:\hlocal\2curso\tpv\practicas\practica3\practica3entrega\holasdl\debug\mainmenustate.obj
c:\hlocal\2curso\tpv\practicas\practica3\practica3entrega\holasdl\debug\menubutton.obj
c:\hlocal\2curso\tpv\practicas\practica3\practica3entrega\holasdl\debug\mapblock.obj
c:\hlocal\2curso\tpv\practicas\practica3\practica3entrega\holasdl\debug\main.obj
c:\hlocal\2curso\tpv\practicas\practica3\practica3entrega\holasdl\debug\gamestatemachine.obj
c:\hlocal\2curso\tpv\practicas\practica3\practica3entrega\holasdl\debug\gamestate.obj
c:\hlocal\2curso\tpv\practicas\practica3\practica3entrega\holasdl\debug\gameobject.obj
c:\hlocal\2curso\tpv\practicas\practica3\practica3entrega\holasdl\debug\game.obj
c:\hlocal\2curso\tpv\practicas\practica3\practica3entrega\holasdl\debug\filenotfounderror.obj
c:\hlocal\2curso\tpv\practicas\practica3\practica3entrega\holasdl\debug\fileformaterror.obj
c:\hlocal\2curso\tpv\practicas\practica3\practica3entrega\holasdl\debug\endmenustate.obj
c:\hlocal\2curso\tpv\practicas\practica3\practica3entrega\holasdl\debug\block.obj
c:\hlocal\2curso\tpv\practicas\practica3\practica3entrega\holasdl\debug\ball.obj
c:\hlocal\2curso\tpv\practicas\practica3\practica3entrega\holasdl\debug\arkanoidobject.obj
c:\hlocal\2curso\tpv\practicas\practica3\practica3entrega\holasdl\debug\arkanoiderror.obj
c:\hlocal\2curso\tpv\practicas\practica3\practica3entrega\holasdl\debug\wall.obj
c:\hlocal\2curso\tpv\practicas\practica3\practica3entrega\holasdl\debug\vector2d.obj
c:\hlocal\2curso\tpv\practicas\practica3\practica3entrega\holasdl\debug\time.obj
c:\hlocal\2curso\tpv\practicas\practica3\practica3entrega\holasdl\debug\texture.obj
c:\hlocal\2curso\tpv\practicas\practica3\practica3entrega\holasdl\debug\sdlerror.obj
c:\hlocal\2curso\tpv\practicas\practica3\practica3entrega\bin\practica3pabloentregadebug.exe
c:\hlocal\2curso\tpv\practicas\practica3\practica3entrega\bin\practica3pabloentregadebug.ilk
c:\hlocal\2curso\tpv\practicas\practica3\practica3entrega\bin\practica3pabloentregadebug.pdb
c:\users\pgmla\desktop\portfolio\c++\practica3entrega\holasdl\debug\arkanoiderror.obj
c:\users\pgmla\desktop\portfolio\c++\practica3entrega\holasdl\debug\arkanoidobject.obj
c:\users\pgmla\desktop\portfolio\c++\practica3entrega\holasdl\debug\ball.obj
c:\users\pgmla\desktop\portfolio\c++\practica3entrega\holasdl\debug\block.obj
c:\users\pgmla\desktop\portfolio\c++\practica3entrega\holasdl\debug\endmenustate.obj
c:\users\pgmla\desktop\portfolio\c++\practica3entrega\holasdl\debug\fileformaterror.obj
c:\users\pgmla\desktop\portfolio\c++\practica3entrega\holasdl\debug\filenotfounderror.obj
c:\users\pgmla\desktop\portfolio\c++\practica3entrega\holasdl\debug\game.obj
c:\users\pgmla\desktop\portfolio\c++\practica3entrega\holasdl\debug\gameobject.obj
c:\users\pgmla\desktop\portfolio\c++\practica3entrega\holasdl\debug\gamestate.obj
c:\users\pgmla\desktop\portfolio\c++\practica3entrega\holasdl\debug\gamestatemachine.obj
c:\users\pgmla\desktop\portfolio\c++\practica3entrega\holasdl\debug\main.obj
c:\users\pgmla\desktop\portfolio\c++\practica3entrega\holasdl\debug\mainmenustate.obj
c:\users\pgmla\desktop\portfolio\c++\practica3entrega\holasdl\debug\mapblock.obj
c:\users\pgmla\desktop\portfolio\c++\practica3entrega\holasdl\debug\menubutton.obj
c:\users\pgmla\desktop\portfolio\c++\practica3entrega\holasdl\debug\movingobject.obj
c:\users\pgmla\desktop\portfolio\c++\practica3entrega\holasdl\debug\paddle.obj
c:\users\pgmla\desktop\portfolio\c++\practica3entrega\holasdl\debug\pausemenustate.obj
c:\users\pgmla\desktop\portfolio\c++\practica3entrega\holasdl\debug\playgamestate.obj
c:\users\pgmla\desktop\portfolio\c++\practica3entrega\holasdl\debug\reward.obj
c:\users\pgmla\desktop\portfolio\c++\practica3entrega\holasdl\debug\sdlerror.obj
c:\users\pgmla\desktop\portfolio\c++\practica3entrega\holasdl\debug\texture.obj
c:\users\pgmla\desktop\portfolio\c++\practica3entrega\holasdl\debug\time.obj
c:\users\pgmla\desktop\portfolio\c++\practica3entrega\holasdl\debug\vector2d.obj
c:\users\pgmla\desktop\portfolio\c++\practica3entrega\holasdl\debug\wall.obj
c:\users\pgmla\desktop\portfolio\c++\practica3entrega\holasdl\debug\vc142.idb
c:\users\pgmla\desktop\portfolio\c++\practica3entrega\holasdl\debug\vc142.pdb
c:\users\pgmla\desktop\portfolio\c++\practica3entrega\bin\practica3pabloentregadebug.pdb
c:\users\pgmla\desktop\portfolio\c++\practica3entrega\bin\practica3pabloentregadebug.exe
c:\users\pgmla\desktop\portfolio\c++\practica3entrega\bin\practica3pabloentregadebug.ilk
c:\users\pgmla\desktop\portfolio\c++\practica3entrega\holasdl\debug\practica.28a4c5cd.tlog\cl.command.1.tlog
c:\users\pgmla\desktop\portfolio\c++\practica3entrega\holasdl\debug\practica.28a4c5cd.tlog\cl.read.1.tlog
c:\users\pgmla\desktop\portfolio\c++\practica3entrega\holasdl\debug\practica.28a4c5cd.tlog\cl.write.1.tlog
c:\users\pgmla\desktop\portfolio\c++\practica3entrega\holasdl\debug\practica.28a4c5cd.tlog\link.command.1.tlog
c:\users\pgmla\desktop\portfolio\c++\practica3entrega\holasdl\debug\practica.28a4c5cd.tlog\link.read.1.tlog
c:\users\pgmla\desktop\portfolio\c++\practica3entrega\holasdl\debug\practica.28a4c5cd.tlog\link.write.1.tlog
