c:\hlocal\2curso\tpv\practicas\practica3\practica3\holasdl\debug\vc142.pdb
c:\hlocal\2curso\tpv\practicas\practica3\practica3\holasdl\debug\vc142.idb
c:\hlocal\2curso\tpv\practicas\practica3\practica3\holasdl\debug\reward.obj
c:\hlocal\2curso\tpv\practicas\practica3\practica3\holasdl\debug\playgamestate.obj
c:\hlocal\2curso\tpv\practicas\practica3\practica3\holasdl\debug\pausemenustate.obj
c:\hlocal\2curso\tpv\practicas\practica3\practica3\holasdl\debug\paddle.obj
c:\hlocal\2curso\tpv\practicas\practica3\practica3\holasdl\debug\movingobject.obj
c:\hlocal\2curso\tpv\practicas\practica3\practica3\holasdl\debug\mainmenustate.obj
c:\hlocal\2curso\tpv\practicas\practica3\practica3\holasdl\debug\menubutton.obj
c:\hlocal\2curso\tpv\practicas\practica3\practica3\holasdl\debug\mapblock.obj
c:\hlocal\2curso\tpv\practicas\practica3\practica3\holasdl\debug\main.obj
c:\hlocal\2curso\tpv\practicas\practica3\practica3\holasdl\debug\gamestatemachine.obj
c:\hlocal\2curso\tpv\practicas\practica3\practica3\holasdl\debug\gamestate.obj
c:\hlocal\2curso\tpv\practicas\practica3\practica3\holasdl\debug\gameobject.obj
c:\hlocal\2curso\tpv\practicas\practica3\practica3\holasdl\debug\game.obj
c:\hlocal\2curso\tpv\practicas\practica3\practica3\holasdl\debug\filenotfounderror.obj
c:\hlocal\2curso\tpv\practicas\practica3\practica3\holasdl\debug\fileformaterror.obj
c:\hlocal\2curso\tpv\practicas\practica3\practica3\holasdl\debug\endmenustate.obj
c:\hlocal\2curso\tpv\practicas\practica3\practica3\holasdl\debug\block.obj
c:\hlocal\2curso\tpv\practicas\practica3\practica3\holasdl\debug\ball.obj
c:\hlocal\2curso\tpv\practicas\practica3\practica3\holasdl\debug\arkanoidobject.obj
c:\hlocal\2curso\tpv\practicas\practica3\practica3\holasdl\debug\arkanoiderror.obj
c:\hlocal\2curso\tpv\practicas\practica3\practica3\holasdl\debug\wall.obj
c:\hlocal\2curso\tpv\practicas\practica3\practica3\holasdl\debug\vector2d.obj
c:\hlocal\2curso\tpv\practicas\practica3\practica3\holasdl\debug\time.obj
c:\hlocal\2curso\tpv\practicas\practica3\practica3\holasdl\debug\texture.obj
c:\hlocal\2curso\tpv\practicas\practica3\practica3\holasdl\debug\sdlerror.obj
c:\hlocal\2curso\tpv\practicas\practica3\practica3\bin\practica3pablodebug.exe
c:\hlocal\2curso\tpv\practicas\practica3\practica3\bin\practica3pablodebug.ilk
c:\hlocal\2curso\tpv\practicas\practica3\practica3\bin\practica3pablodebug.pdb
c:\hlocal\2curso\tpv\practicas\practica3\practica3\holasdl\debug\practica3pablo.tlog\cl.command.1.tlog
c:\hlocal\2curso\tpv\practicas\practica3\practica3\holasdl\debug\practica3pablo.tlog\cl.read.1.tlog
c:\hlocal\2curso\tpv\practicas\practica3\practica3\holasdl\debug\practica3pablo.tlog\cl.write.1.tlog
c:\hlocal\2curso\tpv\practicas\practica3\practica3\holasdl\debug\practica3pablo.tlog\link.command.1.tlog
c:\hlocal\2curso\tpv\practicas\practica3\practica3\holasdl\debug\practica3pablo.tlog\link.read.1.tlog
c:\hlocal\2curso\tpv\practicas\practica3\practica3\holasdl\debug\practica3pablo.tlog\link.write.1.tlog
