c:\hlocal\2curso\tpv\practicas\practica2\practica2\holasdl\debug\vc142.pdb
c:\hlocal\2curso\tpv\practicas\practica2\practica2\holasdl\debug\vc142.idb
c:\hlocal\2curso\tpv\practicas\practica2\practica2\holasdl\debug\wall.obj
c:\hlocal\2curso\tpv\practicas\practica2\practica2\holasdl\debug\vector2d.obj
c:\hlocal\2curso\tpv\practicas\practica2\practica2\holasdl\debug\time.obj
c:\hlocal\2curso\tpv\practicas\practica2\practica2\holasdl\debug\texture.obj
c:\hlocal\2curso\tpv\practicas\practica2\practica2\holasdl\debug\reward.obj
c:\hlocal\2curso\tpv\practicas\practica2\practica2\holasdl\debug\paddle.obj
c:\hlocal\2curso\tpv\practicas\practica2\practica2\holasdl\debug\movingobject.obj
c:\hlocal\2curso\tpv\practicas\practica2\practica2\holasdl\debug\mapblock.obj
c:\hlocal\2curso\tpv\practicas\practica2\practica2\holasdl\debug\main.obj
c:\hlocal\2curso\tpv\practicas\practica2\practica2\holasdl\debug\gameobject.obj
c:\hlocal\2curso\tpv\practicas\practica2\practica2\holasdl\debug\game.obj
c:\hlocal\2curso\tpv\practicas\practica2\practica2\holasdl\debug\block.obj
c:\hlocal\2curso\tpv\practicas\practica2\practica2\holasdl\debug\ball.obj
c:\hlocal\2curso\tpv\practicas\practica2\practica2\holasdl\debug\arkanoidobject.obj
c:\hlocal\2curso\tpv\practicas\practica2\practica2\holasdl\debug\sdlerror.obj
c:\hlocal\2curso\tpv\practicas\practica2\practica2\holasdl\debug\filenotfounderror.obj
c:\hlocal\2curso\tpv\practicas\practica2\practica2\holasdl\debug\fileformaterror.obj
c:\hlocal\2curso\tpv\practicas\practica2\practica2\holasdl\debug\arkanoiderror.obj
c:\hlocal\2curso\tpv\practicas\practica2\practica2\bin\practica2pablodebug.exe
c:\hlocal\2curso\tpv\practicas\practica2\practica2\bin\practica2pablodebug.ilk
c:\hlocal\2curso\tpv\practicas\practica2\practica2\bin\practica2pablodebug.pdb
c:\hlocal\2curso\tpv\practicas\practica2\practica2\holasdl\debug\ball.obj.enc
c:\hlocal\2curso\tpv\practicas\practica2\practica2\holasdl\debug\mapblock.obj.enc
c:\hlocal\2curso\tpv\practicas\practica2\practica2\holasdl\debug\reward.obj.enc
c:\hlocal\2curso\tpv\practicas\practica2\practica2\holasdl\debug\practica2pablo.tlog\cl.command.1.tlog
c:\hlocal\2curso\tpv\practicas\practica2\practica2\holasdl\debug\practica2pablo.tlog\cl.read.1.tlog
c:\hlocal\2curso\tpv\practicas\practica2\practica2\holasdl\debug\practica2pablo.tlog\cl.write.1.tlog
c:\hlocal\2curso\tpv\practicas\practica2\practica2\holasdl\debug\practica2pablo.tlog\link.command.1.tlog
c:\hlocal\2curso\tpv\practicas\practica2\practica2\holasdl\debug\practica2pablo.tlog\link.read.1.tlog
c:\hlocal\2curso\tpv\practicas\practica2\practica2\holasdl\debug\practica2pablo.tlog\link.write.1.tlog
