c:\hlocal\2curso\tpv\practicas\practicaone\practica1entrega\holasdl\debug\vc142.pdb
c:\hlocal\2curso\tpv\practicas\practicaone\practica1entrega\holasdl\debug\vc142.idb
c:\hlocal\2curso\tpv\practicas\practicaone\practica1entrega\holasdl\debug\wall.obj
c:\hlocal\2curso\tpv\practicas\practicaone\practica1entrega\holasdl\debug\vector2d.obj
c:\hlocal\2curso\tpv\practicas\practicaone\practica1entrega\holasdl\debug\texture.obj
c:\hlocal\2curso\tpv\practicas\practicaone\practica1entrega\holasdl\debug\paddle.obj
c:\hlocal\2curso\tpv\practicas\practicaone\practica1entrega\holasdl\debug\mapblock.obj
c:\hlocal\2curso\tpv\practicas\practicaone\practica1entrega\holasdl\debug\main.obj
c:\hlocal\2curso\tpv\practicas\practicaone\practica1entrega\holasdl\debug\game.obj
c:\hlocal\2curso\tpv\practicas\practicaone\practica1entrega\holasdl\debug\block.obj
c:\hlocal\2curso\tpv\practicas\practicaone\practica1entrega\holasdl\debug\ball.obj
c:\hlocal\2curso\tpv\practicas\practicaone\practica1entrega\bin\practica1pablodebug.exe
c:\hlocal\2curso\tpv\practicas\practicaone\practica1entrega\bin\practica1pablodebug.ilk
c:\hlocal\2curso\tpv\practicas\practicaone\practica1entrega\bin\practica1pablodebug.pdb
c:\hlocal\2curso\tpv\practicas\practicaone\practica1entrega\holasdl\debug\block.obj.enc
c:\hlocal\2curso\tpv\practicas\practicaone\practica1entrega\holasdl\debug\mapblock.obj.enc
c:\hlocal\2curso\tpv\practicas\practicaone\practica1entrega\holasdl\debug\paddle.obj.enc
c:\hlocal\2curso\tpv\practicas\practicaone\practica1entrega\holasdl\debug\practica1pablo.tlog\cl.command.1.tlog
c:\hlocal\2curso\tpv\practicas\practicaone\practica1entrega\holasdl\debug\practica1pablo.tlog\cl.read.1.tlog
c:\hlocal\2curso\tpv\practicas\practicaone\practica1entrega\holasdl\debug\practica1pablo.tlog\cl.write.1.tlog
c:\hlocal\2curso\tpv\practicas\practicaone\practica1entrega\holasdl\debug\practica1pablo.tlog\link.command.1.tlog
c:\hlocal\2curso\tpv\practicas\practicaone\practica1entrega\holasdl\debug\practica1pablo.tlog\link.read.1.tlog
c:\hlocal\2curso\tpv\practicas\practicaone\practica1entrega\holasdl\debug\practica1pablo.tlog\link.write.1.tlog
